  example.cpp
  edge.cpp
  face.cpp
  polyhedron-front-edge.cpp
  polyhedron-front-face.cpp
  polyhedral-set.cpp
  polyhedron.cpp
  relations.cpp
  surface-front-edge.cpp
  surface-front-vert.cpp
  surface-edge.cpp
F:\Programming\Programs\VsPrograms\polymgen\src\core\polyhedron.cpp(1730,22): warning C4244:  аргумент: преобразование "size_t" в "real_t", возможна потеря данных
  surface-face.cpp
F:\Programming\Programs\VsPrograms\polymgen\src\core\surface\surface-edge.cpp(34,69): warning C4244:  аргумент: преобразование "size_t" в "real_t", возможна потеря данных
  tetr.cpp
  polymesh.cpp
  polyshell.cpp
  spatial-algs.cpp
  polysgen.cpp
F:\Programming\Programs\VsPrograms\polymgen\src\core\surface\surface-face.cpp(646,22): warning C4244:  аргумент: преобразование "int" в "real_t", возможна потеря данных
  Создание кода
  372 of 2294 functions (16.2%) were compiled, the rest were copied from previous compilation.
    140 functions were new in current compilation
    17 functions had inline decision re-evaluated but remain unchanged
  Создание кода завершено
  polymgen.vcxproj -> F:\Programming\Programs\VsPrograms\polymgen\Release\polymgen.exe
